epoch,loss,lr,val_loss
0,3.0144874519772,0.001,2.520357608795166
1,2.940233606762356,0.001,2.450974225997925
2,2.8562226401435002,0.001,2.3808887004852295
3,2.7697758303748237,0.001,2.3134825229644775
4,2.6900616698794897,0.001,2.246464967727661
5,2.6092068990071615,0.001,2.1810896396636963
6,2.5308385054270426,0.001,2.1173579692840576
7,2.4543594148423935,0.001,2.0549159049987793
8,2.3791949060228137,0.001,1.994231939315796
9,2.3072961701287165,0.001,1.93756103515625
10,2.236363670561049,0.001,1.8822953701019287
11,2.1673605706956653,0.001,1.8300615549087524
12,2.1029750559065077,0.001,1.7802257537841797
13,2.037734717792935,0.001,1.7334855794906616
14,1.9760388798183866,0.001,1.6878929138183594
15,1.9156391594145032,0.001,1.6429249048233032
16,1.856024514304267,0.001,1.5993603467941284
17,1.7990597671932644,0.001,1.5566599369049072
18,1.7433252228630913,0.001,1.5162303447723389
19,1.6918206055959066,0.001,1.4790236949920654
20,1.6396447446611193,0.001,1.4428209066390991
21,1.5904535055160522,0.001,1.4077517986297607
22,1.5423679643207127,0.001,1.373569130897522
23,1.497351778878106,0.001,1.340057611465454
24,1.4532345083024767,0.001,1.3077081441879272
25,1.4111759185791015,0.001,1.2764432430267334
26,1.3721692085266113,0.001,1.2462111711502075
27,1.3344494157367282,0.001,1.2167656421661377
28,1.296507093641493,0.001,1.1881455183029175
29,1.2618028587765164,0.001,1.1602637767791748
30,1.2275675614674886,0.001,1.1331983804702759
31,1.1936500390370688,0.001,1.1067888736724854
32,1.1610541555616591,0.001,1.0813002586364746
33,1.130891450246175,0.001,1.0563673973083496
34,1.0999025291866726,0.001,1.032259464263916
35,1.0711339844597711,0.001,1.0086430311203003
36,1.0431139707565307,0.001,0.985573410987854
37,1.0162558052274915,0.001,0.963038444519043
38,0.9907291968663533,0.001,0.9409635663032532
39,0.9651011202070449,0.001,0.9196277856826782
40,0.9398925304412842,0.001,0.8988463282585144
41,0.9167035142580668,0.001,0.8785082697868347
42,0.8938087503115336,0.001,0.8587597012519836
43,0.8718063566419814,0.001,0.8395869135856628
44,0.8497793038686117,0.001,0.820989727973938
45,0.8288115210003323,0.001,0.8027739524841309
46,0.8086332586076524,0.001,0.7850698232650757
47,0.7897463321685791,0.001,0.7677755951881409
48,0.7708785865041945,0.001,0.7510316967964172
49,0.7529623879326715,0.001,0.7347203493118286
50,0.7353619813919068,0.001,0.7187718152999878
51,0.7185194823477004,0.001,0.7031081914901733
52,0.702801971965366,0.001,0.6878954172134399
53,0.6873387654622396,0.001,0.673367440700531
54,0.6724644554985895,0.001,0.6598486304283142
55,0.6581710855166117,0.001,0.6486173868179321
56,0.6448422339227464,0.001,0.6376908421516418
57,0.6315563453568352,0.001,0.6283206939697266
58,0.618987931145562,0.001,0.6200818419456482
59,0.6067135572433472,0.001,0.6120477914810181
60,0.5947516997655232,0.001,0.6042712330818176
61,0.5838424603144328,0.001,0.5966863632202148
62,0.5742946889665391,0.001,0.589328944683075
63,0.5650201929940117,0.001,0.5822588205337524
64,0.5564384592903985,0.001,0.5754329562187195
65,0.548522146542867,0.001,0.5689316987991333
66,0.5417740345001221,0.001,0.5627280473709106
67,0.5355357421769036,0.001,0.5568156242370605
68,0.5299034688207839,0.001,0.5511590242385864
69,0.5240998533036973,0.001,0.5457403659820557
70,0.5193469524383545,0.001,0.540515124797821
71,0.5141446497705248,0.001,0.5355021953582764
72,0.50983041856024,0.001,0.5305851101875305
73,0.5056895706388685,0.001,0.5258649587631226
74,0.5018019530508253,0.001,0.5213361978530884
75,0.4980315208435059,0.001,0.5169951915740967
76,0.4944543719291687,0.001,0.512839138507843
77,0.49064768420325383,0.001,0.5088534951210022
78,0.48708202640215553,0.001,0.5048998594284058
79,0.48380188279681735,0.001,0.5009499788284302
80,0.48022377954588996,0.001,0.4970560073852539
81,0.4768792854415046,0.001,0.49314793944358826
82,0.47378662294811674,0.001,0.4892823100090027
83,0.4705285999510023,0.001,0.48552265763282776
84,0.46742635038163927,0.001,0.48189592361450195
85,0.4644645121362474,0.001,0.47839251160621643
86,0.461699472533332,0.001,0.47496771812438965
87,0.4590213358402252,0.001,0.4716566205024719
88,0.456258487701416,0.001,0.4684462547302246
89,0.4537825663884481,0.001,0.4652803838253021
90,0.4511938234170278,0.001,0.4626307487487793
91,0.44870922168095906,0.001,0.46017104387283325
92,0.4461803356806437,0.001,0.45774251222610474
93,0.4437250912189484,0.001,0.4553273320198059
94,0.4412827306323581,0.001,0.45292872190475464
95,0.4388503359423743,0.001,0.4505402445793152
96,0.43650043076939055,0.001,0.44817012548446655
97,0.4341060949696435,0.001,0.44583263993263245
98,0.4317091061009301,0.001,0.4435184895992279
99,0.42932824889818827,0.001,0.44121232628822327
100,0.4270231544971466,0.001,0.4389089047908783
101,0.4246580355697208,0.001,0.43661004304885864
102,0.4223460535208384,0.001,0.43431153893470764
103,0.42004137436548866,0.001,0.43201884627342224
104,0.4177363885773553,0.001,0.42974185943603516
105,0.4154157817363739,0.001,0.4274853765964508
106,0.4132278263568878,0.001,0.42525196075439453
107,0.4110816405879127,0.001,0.4230506420135498
108,0.4090035465028551,0.001,0.42087477445602417
109,0.4068797674443987,0.001,0.41872987151145935
110,0.4048200382126702,0.001,0.41660276055336
111,0.4027718332078722,0.001,0.4144856929779053
112,0.40071878565682306,0.001,0.4123830199241638
113,0.39873843921555413,0.001,0.41029006242752075
114,0.396702997552024,0.001,0.40822070837020874
115,0.39470808108647665,0.001,0.40616536140441895
116,0.39271102282736037,0.001,0.4042646288871765
117,0.39074719415770637,0.001,0.4026142656803131
118,0.388773027393553,0.001,0.4009582996368408
119,0.38683079878489174,0.001,0.3993030786514282
120,0.38494931326972115,0.001,0.39764878153800964
121,0.3830710444185469,0.001,0.39599916338920593
122,0.3812053249941932,0.001,0.394347608089447
123,0.3793973922729492,0.001,0.39269644021987915
124,0.37761130068037246,0.001,0.39105135202407837
125,0.37579177882936265,0.001,0.38941049575805664
126,0.37400512629085114,0.001,0.38777947425842285
127,0.3722070058186849,0.001,0.38615545630455017
128,0.3704457402229309,0.001,0.3845366835594177
129,0.36873540878295896,0.001,0.38292065262794495
130,0.36696501440472074,0.001,0.3813154697418213
131,0.36522937483257717,0.001,0.37971216440200806
132,0.36351220144165886,0.001,0.37810730934143066
133,0.3617792732185788,0.001,0.37651073932647705
134,0.3600682218869527,0.001,0.3749154806137085
135,0.3584004071023729,0.001,0.3733212351799011
136,0.35666285620795357,0.001,0.37173670530319214
137,0.3549815535545349,0.001,0.37016212940216064
138,0.3532893829875522,0.001,0.3685920834541321
139,0.35160892672008937,0.001,0.36702775955200195
140,0.34991830918524003,0.001,0.3654664158821106
141,0.3482479969660441,0.001,0.36390507221221924
142,0.34661281572447883,0.001,0.3623477518558502
143,0.3449927402867211,0.001,0.36079171299934387
144,0.34340787728627525,0.001,0.35923486948013306
145,0.3418050487836202,0.001,0.35768723487854004
146,0.34020790921317207,0.001,0.35614070296287537
147,0.33864596287409465,0.001,0.35459715127944946
148,0.33707411355442474,0.001,0.35305705666542053
149,0.33550223112106325,0.001,0.35152333974838257
150,0.3339367561870151,0.001,0.3499957025051117
151,0.33237627810902065,0.001,0.34846872091293335
152,0.33081309662924874,0.001,0.3469479978084564
153,0.32927246027522616,0.001,0.34542977809906006
154,0.32775083118014864,0.001,0.3439100980758667
155,0.32623310155338714,0.001,0.3423936665058136
156,0.32471113999684653,0.001,0.3408823311328888
157,0.323210428820716,0.001,0.3393756151199341
158,0.3217036353217231,0.001,0.33787721395492554
159,0.3202090581258138,0.001,0.3363790810108185
160,0.31873114506403605,0.001,0.33488625288009644
161,0.31723449097739326,0.001,0.3334012031555176
162,0.31578194234106277,0.001,0.3319202959537506
163,0.31430012782414757,0.001,0.3304489850997925
164,0.31283694439464144,0.001,0.32898443937301636
165,0.3113792916138967,0.001,0.327523410320282
166,0.3099223772684733,0.001,0.3260653018951416
167,0.3084817469120026,0.001,0.32460638880729675
168,0.3070234265592363,0.001,0.32314810156822205
169,0.30559048387739396,0.001,0.3216913938522339
170,0.3041719138622284,0.001,0.3202363848686218
171,0.30274791452619765,0.001,0.31879162788391113
172,0.3013123611609141,0.001,0.31735435128211975
173,0.299917698568768,0.001,0.315918505191803
174,0.2985064605871836,0.001,0.31448954343795776
175,0.2971094098356035,0.001,0.3130664825439453
176,0.29569942818747624,0.001,0.3116475045681
177,0.2943269610404968,0.001,0.31022924184799194
178,0.29293772445784677,0.001,0.3088187575340271
179,0.29153930213716295,0.001,0.30741357803344727
180,0.2901669356558058,0.001,0.3060082495212555
181,0.2887968573305342,0.001,0.3046046197414398
182,0.28741986155509947,0.001,0.3032049536705017
183,0.28604921963479785,0.001,0.3018084764480591
184,0.28466611173417833,0.001,0.30041414499282837
185,0.28331864807340834,0.001,0.29901832342147827
186,0.2819585449165768,0.001,0.2976289391517639
187,0.2805925057993995,0.001,0.29624709486961365
188,0.27924134731292727,0.001,0.29486751556396484
189,0.2779031965467665,0.001,0.293491929769516
190,0.27656881544325085,0.001,0.2921266257762909
191,0.2752330998579661,0.001,0.2907722592353821
192,0.27389107412762115,0.001,0.28942692279815674
193,0.2725844230916765,0.001,0.2880834937095642
194,0.2712626404232449,0.001,0.28674402832984924
195,0.26995628674825034,0.001,0.28540486097335815
196,0.26865164505110845,0.001,0.284070760011673
197,0.2673556155628628,0.001,0.2827422618865967
198,0.2660601132445865,0.001,0.28142017126083374
199,0.26474596328205535,0.001,0.28010427951812744
200,0.26347690257761214,0.001,0.27878743410110474
201,0.26218386689821876,0.001,0.27747559547424316
202,0.26091835598150886,0.001,0.27616745233535767
203,0.2596305125289493,0.001,0.27486634254455566
204,0.25838102267848123,0.001,0.2735667824745178
205,0.2570840822325812,0.001,0.27227315306663513
206,0.2558459593190087,0.001,0.27097660303115845
207,0.25458066397243073,0.001,0.26968473196029663
208,0.25334675543838076,0.001,0.26839813590049744
209,0.25206161671214633,0.001,0.2671208679676056
210,0.2508259362644619,0.001,0.26584118604660034
211,0.24957815210024517,0.001,0.26456278562545776
212,0.24833416806326972,0.001,0.26328521966934204
213,0.24710800250371298,0.001,0.2620103657245636
214,0.24587764375739626,0.001,0.2607446312904358
215,0.2446280128426022,0.001,0.25948819518089294
216,0.2434256414572398,0.001,0.25823599100112915
217,0.2422101335393058,0.001,0.2569938004016876
218,0.2409564733505249,0.001,0.25575700402259827
219,0.23977054158846536,0.001,0.2545107305049896
220,0.23858046101199257,0.001,0.25326651334762573
221,0.23736372027132246,0.001,0.2520306706428528
222,0.236144048637814,0.001,0.25079983472824097
223,0.2349464648299747,0.001,0.24956688284873962
224,0.23375800881120895,0.001,0.24833282828330994
225,0.23253934846984015,0.001,0.24710147082805634
226,0.23135087026490106,0.001,0.24586832523345947
227,0.23016561468442281,0.001,0.24463777244091034
228,0.228948171933492,0.001,0.24341320991516113
229,0.22777810990810393,0.001,0.24218936264514923
230,0.22658315863874223,0.001,0.24097272753715515
231,0.22539959881040786,0.001,0.23976130783557892
232,0.22422790428002676,0.001,0.2385544776916504
233,0.2230467117495007,0.001,0.23735222220420837
234,0.2218815611468421,0.001,0.23615281283855438
235,0.22073690990606945,0.001,0.23495981097221375
236,0.21954935590426128,0.001,0.23377668857574463
237,0.21840333276324803,0.001,0.23259298503398895
238,0.21726377109686534,0.001,0.23141217231750488
239,0.21612114442719355,0.001,0.23023870587348938
240,0.2149785836537679,0.001,0.22907228767871857
241,0.21383724643124474,0.001,0.22791118919849396
242,0.21270554893546634,0.001,0.22675195336341858
243,0.21158700949615902,0.001,0.22559531033039093
244,0.21045971645249262,0.001,0.22444334626197815
245,0.20934331549538507,0.001,0.22329461574554443
246,0.20821689433521695,0.001,0.22214975953102112
247,0.2071267247200012,0.001,0.22100698947906494
248,0.20598872303962706,0.001,0.2198724001646042
249,0.20490615831481085,0.001,0.21873685717582703
250,0.20377109381887648,0.001,0.2176065444946289
251,0.2027004490296046,0.001,0.2164733111858368
252,0.2015850822130839,0.001,0.21534748375415802
253,0.20048937168386247,0.001,0.21422424912452698
254,0.19938438336054484,0.001,0.21310317516326904
255,0.19829065567917295,0.001,0.21198125183582306
256,0.19721054567231072,0.001,0.2108597755432129
257,0.1961131046215693,0.001,0.20974516868591309
258,0.1950029624833001,0.001,0.20863309502601624
259,0.19396650559372372,0.001,0.20752017199993134
260,0.19287229875723522,0.001,0.20642276108264923
261,0.1917829712231954,0.001,0.20533402264118195
262,0.19073169661892786,0.001,0.2042478770017624
263,0.18966115481323667,0.001,0.2031676024198532
264,0.18860808942053053,0.001,0.20208938419818878
265,0.18755218784014385,0.001,0.2010147124528885
266,0.1864996423323949,0.001,0.19994188845157623
267,0.18544738392035168,0.001,0.1988706886768341
268,0.18441232177946304,0.001,0.1978018879890442
269,0.18335324227809907,0.001,0.19673919677734375
270,0.18228847881158192,0.001,0.19567552208900452
271,0.1812886428501871,0.001,0.19460846483707428
272,0.18022672533988954,0.001,0.19355273246765137
273,0.1791601601574156,0.001,0.1924993395805359
274,0.17811712788210976,0.001,0.19144085049629211
275,0.17707033620940316,0.001,0.19037410616874695
276,0.17601339585251277,0.001,0.18927763402462006
277,0.17496493657430012,0.001,0.18817530572414398
278,0.17390604416529337,0.001,0.18707236647605896
279,0.1728566348552704,0.001,0.18597164750099182
280,0.17177884148226844,0.001,0.18487688899040222
281,0.17068748441007403,0.001,0.18378078937530518
282,0.16966151065296597,0.001,0.1826753318309784
283,0.1685893416404724,0.001,0.18157707154750824
284,0.16751034392250908,0.001,0.18048331141471863
285,0.16642226775487265,0.001,0.17938658595085144
286,0.16535077459282346,0.001,0.17828063666820526
287,0.1642514748705758,0.001,0.1771702915430069
288,0.16312971280680763,0.001,0.17605282366275787
289,0.16202305754025778,0.001,0.17492425441741943
290,0.16086080504788292,0.001,0.17377792298793793
291,0.15971472163995107,0.001,0.17259161174297333
292,0.15851288901435004,0.001,0.1713959276676178
293,0.15730493399831985,0.001,0.1701844483613968
294,0.15609489182631175,0.001,0.16895686089992523
295,0.1548488398392995,0.001,0.16771674156188965
296,0.15359228485160403,0.001,0.16646377742290497
297,0.15229759944809806,0.001,0.16519775986671448
298,0.15100609461466472,0.001,0.16391611099243164
299,0.14964928130308788,0.001,0.16261787712574005
300,0.14834305511580573,0.001,0.16129496693611145
301,0.14695119824674394,0.001,0.15996180474758148
302,0.14557787742879655,0.001,0.15857525169849396
303,0.14413796696397993,0.001,0.15712913870811462
304,0.14272566669517092,0.001,0.15564045310020447
305,0.14124039047294193,0.001,0.15413039922714233
306,0.13979585419098536,0.001,0.1525915265083313
307,0.13826935158835518,0.001,0.15103623270988464
308,0.13674679034286075,0.001,0.1494564563035965
309,0.13516710499922435,0.001,0.14785076677799225
310,0.13362855282094743,0.001,0.1462111473083496
311,0.1320253335767322,0.001,0.14455170929431915
312,0.13037504189544255,0.001,0.1428699791431427
313,0.12872830861144596,0.001,0.14115622639656067
314,0.12703167663680182,0.001,0.13940967619419098
315,0.1253307773007287,0.001,0.13762566447257996
316,0.12363437563180923,0.001,0.1358121782541275
317,0.12183360490534041,0.001,0.13398510217666626
318,0.12003747324148814,0.001,0.13212965428829193
319,0.11823019252883063,0.001,0.13024158775806427
320,0.11638049218389723,0.001,0.12832337617874146
321,0.11449803759654363,0.001,0.12637142837047577
322,0.11266931742429734,0.001,0.1243884339928627
323,0.11068639308214187,0.001,0.1223958283662796
324,0.10879042992989223,0.001,0.12037447839975357
325,0.10681215988265144,0.001,0.11833808571100235
326,0.10478553672631581,0.001,0.11627576500177383
327,0.10281628668308258,0.001,0.11417271196842194
328,0.10076906482378642,0.001,0.1120426207780838
329,0.0987688852681054,0.001,0.10988811403512955
330,0.0967175766825676,0.001,0.10773210227489471
331,0.09457855506075753,0.001,0.10557565838098526
332,0.0924817121691174,0.001,0.10339196771383286
333,0.09037551797098584,0.001,0.10117705911397934
334,0.08826888336075676,0.001,0.09893495589494705
335,0.08614958392249214,0.001,0.09667935222387314
336,0.08400017751587761,0.001,0.09441991150379181
337,0.08183263093233109,0.001,0.09215874969959259
338,0.0796257702840699,0.001,0.08988825976848602
339,0.07759347243441475,0.001,0.0876036286354065
340,0.07538623594575458,0.001,0.08534765243530273
341,0.07324419286515978,0.001,0.0831005871295929
342,0.07111163718832864,0.001,0.08085937052965164
343,0.06897659500439962,0.001,0.07861964404582977
344,0.0668730530473921,0.001,0.0763777643442154
345,0.06480245176288817,0.001,0.07414273917675018
346,0.06266656170288722,0.001,0.07192425429821014
347,0.060589464339945054,0.001,0.06970842182636261
348,0.058592822899421054,0.001,0.06750372797250748
349,0.05649596328536669,0.001,0.06533247977495193
350,0.0545053100420369,0.001,0.06317733973264694
351,0.052469077126847376,0.001,0.061045341193675995
352,0.050575996355877985,0.001,0.05892821028828621
353,0.048680579620930885,0.001,0.05685872957110405
354,0.04669058480196529,0.001,0.05483968183398247
355,0.044927874704202016,0.001,0.052841752767562866
356,0.04309204684363471,0.001,0.05089227110147476
357,0.04128738799028926,0.001,0.04897873103618622
358,0.039618553386794195,0.001,0.047092657536268234
359,0.03788879728979534,0.001,0.045252278447151184
360,0.03620328216089143,0.001,0.04344082996249199
361,0.03463232691089312,0.001,0.04165137931704521
362,0.033036985413895714,0.001,0.039902567863464355
363,0.031548610081275304,0.001,0.03819525986909866
364,0.030119121074676514,0.001,0.036552734673023224
365,0.028654425053132905,0.001,0.034988321363925934
366,0.027275434053606457,0.001,0.03347921371459961
367,0.025955498384104835,0.001,0.03201267868280411
368,0.024671419792705113,0.001,0.030579235404729843
369,0.02358535997983482,0.001,0.02918350324034691
370,0.02235241197049618,0.001,0.027865108102560043
371,0.021266098899973763,0.001,0.026598334312438965
372,0.020218627982669407,0.001,0.02538667619228363
373,0.019189959681696362,0.001,0.024226030334830284
374,0.01822551219827599,0.001,0.023101508617401123
375,0.017386913009815746,0.001,0.022015640512108803
376,0.01652776762429211,0.001,0.020993636921048164
377,0.01569326139158673,0.001,0.020029839128255844
378,0.014956264322002729,0.001,0.01911281794309616
379,0.014257789237631692,0.001,0.018247412517666817
380,0.013582112453877925,0.001,0.01743217557668686
381,0.01293969237142139,0.001,0.016656164079904556
382,0.012426122340063255,0.001,0.015914399176836014
383,0.011874301731586457,0.001,0.015228791162371635
384,0.01134502657999595,0.001,0.014587637968361378
385,0.010893106067346201,0.001,0.013976499438285828
386,0.010469437514742216,0.001,0.013398337177932262
387,0.010058662378125721,0.001,0.01285255141556263
388,0.009709176483253638,0.001,0.012335870414972305
389,0.00937534591390027,0.001,0.011856242083013058
390,0.009064191786779297,0.001,0.011414377950131893
391,0.008775129831499523,0.001,0.011006652377545834
392,0.008509388224532207,0.001,0.010626441799104214
393,0.0082855644946297,0.001,0.010268829762935638
394,0.008082020489705934,0.001,0.009938069619238377
395,0.007857598943842782,0.001,0.009632988832890987
396,0.007696529457138644,0.001,0.009339875541627407
397,0.007547429100506835,0.001,0.009067767299711704
398,0.007379825268354681,0.001,0.008819163776934147
399,0.007244873357315858,0.001,0.008582738228142262
400,0.007141372157881657,0.001,0.008359748870134354
401,0.00702323228534725,0.001,0.008157741278409958
402,0.006930064503103494,0.001,0.007972429506480694
403,0.006837777834799555,0.001,0.007804505527019501
404,0.006761026351402203,0.001,0.00765044754371047
405,0.006692992130087482,0.001,0.007510176859796047
406,0.006622942309412691,0.001,0.007382180541753769
407,0.006558523347808255,0.001,0.007259187288582325
408,0.006517182073245446,0.001,0.007137536071240902
409,0.006464459509071377,0.001,0.007025477476418018
410,0.006415791230069266,0.001,0.006919954903423786
411,0.006379315226028363,0.001,0.006819433066993952
412,0.006342198420315981,0.001,0.006727953907102346
413,0.006298607505030102,0.001,0.006644061766564846
414,0.006271733302209113,0.001,0.006561486516147852
415,0.006238119583576918,0.001,0.006484071724116802
416,0.0062071255097786585,0.001,0.006408547051250935
417,0.006188943268110355,0.001,0.006334944628179073
418,0.006162507459521294,0.001,0.006270790006965399
419,0.006140795743299855,0.001,0.0062146373093128204
420,0.006115712422049708,0.001,0.00616559898480773
421,0.0060967439164717994,0.001,0.00611784216016531
422,0.006080315334515439,0.001,0.006071519106626511
423,0.006062299975504478,0.001,0.006028857082128525
424,0.006042050363288985,0.001,0.005987329408526421
425,0.006029953259146876,0.001,0.005942813586443663
426,0.006016313481248087,0.001,0.005903205834329128
427,0.005998398011757268,0.001,0.0058706277050077915
428,0.005983292859875493,0.001,0.00584100978448987
429,0.005970566926731004,0.001,0.005812356248497963
430,0.00595769462072187,0.001,0.005786548368632793
431,0.005942445372541746,0.001,0.005763861816376448
432,0.0059310010220441555,0.001,0.005740651395171881
433,0.0059187111134330435,0.001,0.005719250533729792
434,0.005905246858795484,0.001,0.005700710229575634
435,0.005893137750940191,0.001,0.00568167120218277
436,0.00588063353465663,0.001,0.005661950912326574
437,0.005867221423735221,0.001,0.005635526962578297
438,0.005854305624961853,0.001,0.005606202408671379
439,0.005844699834576911,0.001,0.005575818475335836
440,0.005828284089350038,0.001,0.005551093723624945
441,0.005815016085075008,0.001,0.005522946361452341
442,0.005801093868083424,0.001,0.005485869012773037
443,0.005788977475215991,0.001,0.005448236595839262
444,0.005779386870563031,0.001,0.0054138582199811935
445,0.0057680168292588655,0.001,0.005387450568377972
446,0.005752756477644046,0.001,0.005368673242628574
447,0.005741337893737687,0.001,0.005352013744413853
448,0.0057306046235478586,0.001,0.005337769165635109
449,0.005718657332989905,0.001,0.005326231010258198
450,0.005706984508368704,0.001,0.005308837629854679
451,0.005695452003015412,0.001,0.005286799278110266
452,0.005681442862583532,0.001,0.005255803000181913
453,0.005668434107469188,0.001,0.005218652077019215
454,0.005657074869506889,0.001,0.005178914405405521
455,0.0056559367415805655,0.001,0.005141908302903175
456,0.005637049664639764,0.001,0.005115940235555172
457,0.0056288510767949955,0.001,0.005092365201562643
458,0.005617293508516418,0.001,0.005074639804661274
459,0.0056047651813262035,0.001,0.005060542840510607
460,0.005596201297723585,0.001,0.005045152734965086
461,0.0055837577001916034,0.001,0.005034910049289465
462,0.0055718724822832475,0.001,0.005021325312554836
463,0.005561449678821696,0.001,0.005005577113479376
464,0.005549938273098734,0.001,0.004988746251910925
465,0.005539149987614817,0.001,0.004971562419086695
466,0.005528200128012233,0.001,0.0049557164311409
467,0.005516636920058065,0.001,0.004939897917211056
468,0.00550766633823514,0.001,0.004924380220472813
469,0.00549489323877626,0.001,0.004914416465908289
470,0.005482942238450051,0.001,0.004901689477264881
471,0.005472323795159658,0.001,0.004891263786703348
472,0.005460706523930033,0.001,0.004885547328740358
473,0.005448967828932736,0.001,0.004885170608758926
474,0.005437278675122393,0.001,0.0048849862068891525
475,0.00542934617648522,0.001,0.004882792942225933
476,0.0054158273566928174,0.001,0.004874543286859989
477,0.005404828478478723,0.001,0.004870105534791946
478,0.005394340668701463,0.001,0.004864041693508625
479,0.005382868978712294,0.001,0.0048567987978458405
480,0.005372637820740541,0.001,0.0048494115471839905
481,0.005361894787185722,0.001,0.004842329304665327
482,0.005351004718492428,0.001,0.0048356433399021626
483,0.005340447918408446,0.001,0.004825423937290907
484,0.0053299652516014045,0.001,0.004812129773199558
485,0.005319401994347573,0.001,0.004797125235199928
486,0.005309249771138032,0.001,0.004784538410604
487,0.005298396748387151,0.001,0.00477489922195673
488,0.005287311412394047,0.001,0.0047600832767784595
489,0.005277721356186602,0.001,0.004744269419461489
490,0.00526676405635145,0.001,0.00472957594320178
491,0.0052569122985005375,0.001,0.004709077998995781
492,0.005245707546257311,0.001,0.004693674389272928
493,0.005236492678523064,0.001,0.004680917598307133
494,0.005225052653501431,0.001,0.0046740369871258736
495,0.005214669431249301,0.001,0.004672965034842491
496,0.005206153231362502,0.001,0.004675487522035837
497,0.0051947748702433376,0.001,0.004673862364143133
498,0.005185262724343273,0.001,0.004675389267504215
499,0.005175324394885036,0.001,0.004676652140915394
500,0.00516537897185319,0.001,0.004683420993387699
501,0.005157026927918196,0.001,0.004689901135861874
502,0.005152045366250807,0.001,0.0046928576193749905
503,0.005139900588740905,0.001,0.004685742314904928
504,0.005130352162652545,0.001,0.0046783448196947575
505,0.005121050112777286,0.001,0.004669404122978449
506,0.00511133735999465,0.001,0.004656336735934019
507,0.0051024127441147964,0.001,0.004644711501896381
508,0.00509208241581089,0.001,0.004638591781258583
509,0.0050829739516807925,0.001,0.004633563570678234
510,0.00507350160429875,0.001,0.004622677806764841
511,0.005063717025849554,0.001,0.004609207157045603
512,0.005053944099280569,0.001,0.004589051008224487
513,0.005042868138601383,0.001,0.004568132571876049
514,0.0050328910454279846,0.001,0.004540860652923584
515,0.005022464413195848,0.001,0.004515071399509907
516,0.00501158002557026,0.001,0.004491555970162153
517,0.005003024130645725,0.001,0.0044685541652143
518,0.0049933451848725476,0.001,0.004450041335076094
519,0.004982425427685181,0.001,0.004435438197106123
520,0.004972733681400617,0.001,0.00441852118819952
521,0.004964161736683713,0.001,0.004397152457386255
522,0.004954336863011122,0.001,0.0043783774599432945
523,0.004945953355895149,0.001,0.004361365921795368
524,0.004935608649005493,0.001,0.004346615169197321
525,0.004926241944647498,0.001,0.004329386167228222
526,0.004919460840109322,0.001,0.0043127466924488544
527,0.004909069898227851,0.001,0.004302063025534153
528,0.0048992688664131695,0.001,0.004295341670513153
529,0.004890915078835355,0.001,0.004287337884306908
530,0.004881532779998249,0.001,0.0042765773832798
531,0.004872432164847851,0.001,0.00426437659189105
532,0.004863306000414822,0.001,0.004250399302691221
533,0.0048557357345190314,0.001,0.004236833192408085
534,0.004846579374538528,0.001,0.004226211458444595
535,0.00483743300040563,0.001,0.004209939856082201
536,0.004828825210117632,0.001,0.004198027774691582
537,0.004819364338699315,0.001,0.004188475199043751
538,0.004810861963778734,0.001,0.004176485817879438
539,0.004803485237061977,0.001,0.0041657863184809685
540,0.004794046644949251,0.001,0.004161775577813387
541,0.004785047719875971,0.001,0.004162406083196402
542,0.004776991883085834,0.001,0.0041620791889727116
543,0.004769403104566866,0.001,0.004159579519182444
544,0.004760191972470946,0.001,0.004152185283601284
545,0.004752250502092971,0.001,0.004144725855439901
546,0.004742941612170802,0.001,0.0041344380006194115
547,0.004734952033807834,0.001,0.004126095212996006
548,0.004726010933518409,0.001,0.004119924735277891
549,0.004717520034561554,0.001,0.004108583554625511
550,0.004709424078464508,0.001,0.004091974347829819
551,0.004699788045965963,0.001,0.004078367259353399
552,0.004691423755139113,0.001,0.00406666100025177
553,0.004682866214878029,0.001,0.004058686085045338
554,0.004674091707501146,0.001,0.00405101478099823
555,0.004665655394395192,0.001,0.004040964413434267
556,0.004659218449766437,0.001,0.004033790901303291
557,0.004649332486506966,0.001,0.00403237622231245
558,0.0046416153924332725,0.001,0.004028663970530033
559,0.004633661318156454,0.001,0.00402567395940423
560,0.004626417884396182,0.001,0.0040190331637859344
561,0.004617880088173681,0.001,0.004006116185337305
562,0.00460935468888945,0.001,0.00398974260315299
563,0.004601709068649345,0.001,0.0039740861393511295
564,0.004593593730694718,0.001,0.0039607142098248005
565,0.004584496737354332,0.001,0.003949544858187437
566,0.004576583661966853,0.001,0.0039358423091471195
567,0.00456781725709637,0.001,0.003918104339390993
568,0.004559554832263125,0.001,0.0038988455198705196
569,0.004550594557076693,0.001,0.0038790982216596603
570,0.004541960451751948,0.001,0.003856402589008212
571,0.004536367719992995,0.001,0.0038340494502335787
572,0.004526793635967705,0.001,0.0038170316256582737
573,0.0045179550535976885,0.001,0.0038020021747797728
574,0.004510061504940192,0.001,0.003786299377679825
575,0.004503020416531298,0.001,0.0037724324502050877
576,0.004493675272290905,0.001,0.0037632673047482967
577,0.004486374174141222,0.001,0.003755365265533328
578,0.004477493827127748,0.001,0.003751301672309637
579,0.004468985584874948,0.001,0.003744799178093672
580,0.004461441985848877,0.001,0.0037360675632953644
581,0.00445414860215452,0.001,0.0037280581891536713
582,0.004445154012905227,0.001,0.0037243585102260113
583,0.004437669852955474,0.001,0.0037211403250694275
584,0.004429298484077056,0.001,0.003722440917044878
585,0.00442210952233937,0.001,0.003722854657098651
586,0.004414409761213594,0.001,0.0037220921367406845
587,0.004406673952730165,0.001,0.003719375701621175
588,0.004399212253176504,0.001,0.003715823870152235
589,0.004391567626347144,0.001,0.0037120201159268618
590,0.004384099495493703,0.001,0.003708492498844862
591,0.004377273687471946,0.001,0.003700830740854144
592,0.004369106091972854,0.001,0.0036886786110699177
593,0.004361846049626668,0.001,0.003679313464090228
594,0.004353597811940644,0.001,0.003672555088996887
595,0.004346112534403801,0.001,0.0036643154453486204
596,0.004338056676917606,0.001,0.0036529817152768373
597,0.004331586985952324,0.001,0.0036397490184754133
598,0.004323657881468534,0.001,0.0036292853765189648
599,0.004315408846984307,0.001,0.0036175325512886047
600,0.004308182642691665,0.001,0.003602253273129463
601,0.004301681617895762,0.001,0.0035879991482943296
602,0.004293442745175627,0.001,0.0035776968579739332
603,0.004285851886702908,0.001,0.0035686823539435863
604,0.004280158230620954,0.001,0.003559460397809744
605,0.004272339063593083,0.001,0.0035570431500673294
606,0.0042643803430514205,0.001,0.003559894859790802
607,0.004257475496787164,0.001,0.003560860874131322
608,0.004250592324468824,0.001,0.003560709999874234
609,0.004243546662231286,0.001,0.0035604580771178007
610,0.004237056958178679,0.001,0.0035625051241368055
611,0.004229774719311131,0.001,0.0035676502157002687
612,0.004224014841020108,0.001,0.0035729114897549152
613,0.004218457194252147,0.001,0.0035752221010625362
614,0.004211599773002996,0.001,0.0035729394294321537
615,0.004206196746478478,0.001,0.003566759405657649
616,0.004199614168869124,0.001,0.003553820075467229
617,0.004192101013743215,0.001,0.0035467050038278103
618,0.004183991253376007,0.001,0.00354366609826684
619,0.0041773560456931595,0.001,0.003536082338541746
620,0.004170848170502318,0.001,0.0035261460579931736
621,0.004163927103703221,0.00075,0.003519924357533455
622,0.004158457389308347,0.00075,0.0035145971924066544
623,0.004153389504386319,0.00075,0.0035074912011623383
624,0.004148212095929517,0.00075,0.0034973188303411007
625,0.004142770186687509,0.00075,0.0034879446029663086
626,0.004137004891203509,0.00075,0.0034784760791808367
627,0.004131349641829729,0.00075,0.0034664012491703033
628,0.004125297183377875,0.00075,0.0034513412974774837
629,0.004119777834663788,0.00075,0.003433621022850275
630,0.004113361860315005,0.00075,0.0034158416092395782
631,0.004110413236129615,0.00075,0.0033971022348850965
632,0.004102437591387166,0.00075,0.0033823892008513212
633,0.004098561861448817,0.00075,0.003367577912285924
634,0.004091657936159107,0.00075,0.0033553242683410645
635,0.004086470862643586,0.00075,0.0033406324218958616
636,0.004080723929736349,0.00075,0.0033249719999730587
637,0.004076570479406251,0.00075,0.0033076326362788677
638,0.004072576709505584,0.00075,0.003293339628726244
639,0.0040658216819994975,0.00075,0.003281938610598445
640,0.004064568349470695,0.00075,0.003269143868237734
641,0.004056120405180587,0.00075,0.003263226244598627
642,0.004050897662010458,0.00075,0.0032581419218331575
643,0.004045543074607849,0.00075,0.003253535134717822
644,0.004040424825830592,0.00075,0.0032506510615348816
645,0.004034767072233889,0.00075,0.0032504075206816196
646,0.004029882544030746,0.00075,0.0032508946023881435
647,0.004024201921290821,0.00075,0.003249849658459425
648,0.004019087118407091,0.00075,0.003249588655307889
649,0.004014200241201454,0.00075,0.003246075240895152
650,0.004008930859466394,0.00075,0.0032394621521234512
651,0.004003977237476243,0.00075,0.003233984112739563
652,0.003997919879232844,0.00075,0.0032237812411040068
653,0.003993171908789211,0.00075,0.0032152042258530855
654,0.003988592906130684,0.00075,0.0032108663581311703
655,0.003982625932743152,0.00075,0.0032105494756251574
656,0.003977184639208846,0.00075,0.003206747118383646
657,0.0039716912743945915,0.00075,0.003200828330591321
658,0.003966463284773959,0.00075,0.0031928359530866146
659,0.003961531631648541,0.00075,0.0031844419427216053
660,0.00395604291309913,0.00075,0.003176296129822731
661,0.003950595648752319,0.00075,0.0031666234135627747
662,0.003946522882001267,0.00075,0.003155325772240758
663,0.003941186460562878,0.00075,0.0031471799593418837
664,0.003935781317866511,0.00075,0.003141161520034075
665,0.003930572875671916,0.00075,0.0031349684577435255
666,0.003926165893466936,0.00075,0.0031288310419768095
667,0.003920437783623735,0.00075,0.003126557217910886
668,0.003915105423786574,0.00075,0.0031260675750672817
669,0.003910435963835981,0.00075,0.0031272023916244507
670,0.0039052682825260693,0.00075,0.003126778407022357
671,0.0039001995645877386,0.00075,0.003125156043097377
672,0.003896446701967054,0.00075,0.0031236191280186176
673,0.0038900713643266094,0.00075,0.0031167485285550356
674,0.0038852470668239727,0.00075,0.0031098679173737764
675,0.0038799779075715276,0.00075,0.0031040851026773453
676,0.003875623560614056,0.00075,0.003097844310104847
677,0.003869914956804779,0.00075,0.0030943197198212147
678,0.00386478164129787,0.00075,0.0030902023427188396
679,0.003859839133090443,0.00075,0.0030852672643959522
680,0.003855509978408615,0.00075,0.0030797189101576805
681,0.003849766889794005,0.00075,0.003077702596783638
682,0.0038444422961523136,0.00075,0.003075712127611041
683,0.003839581170015865,0.00075,0.0030745055992156267
684,0.0038348971348669794,0.00075,0.0030737321358174086
685,0.003829997146709098,0.00075,0.0030726303812116385
686,0.003825139683774776,0.00075,0.003071411047130823
687,0.003820532482738296,0.00075,0.003071385668590665
688,0.0038156432720522085,0.00075,0.0030681698117405176
689,0.0038106782051424187,0.00075,0.0030635434668511152
690,0.0038057683346172174,0.00075,0.00305983517318964
691,0.003801067608098189,0.00075,0.003056534333154559
692,0.0037959245602703757,0.00075,0.003054326865822077
693,0.00379127762797806,0.00075,0.0030525652691721916
694,0.0037864674607084856,0.00075,0.003050080267712474
695,0.0037822845184968578,0.00075,0.0030461703427135944
696,0.003776706837945514,0.00075,0.003037536982446909
697,0.0037720591502471102,0.00075,0.0030292454175651073
698,0.0037666525277826523,0.00075,0.0030227673705667257
699,0.0037618413619283173,0.0005625,0.003018211107701063
700,0.003758102220793565,0.0005625,0.0030129984952509403
701,0.003755651248825921,0.0005625,0.003007174003869295
702,0.003751001988227169,0.0005625,0.0030055337119847536
703,0.0037481503147217964,0.0005625,0.0030049686320126057
704,0.003743767790082428,0.0005625,0.0029997152741998434
705,0.0037397302066286406,0.0005625,0.0029920185916125774
706,0.0037356388548182118,0.0005625,0.0029830082785338163
707,0.0037331851846021083,0.0005625,0.0029730931855738163
708,0.0037280008093350464,0.0005625,0.0029657911509275436
709,0.0037241706417666543,0.0005625,0.002957486780360341
710,0.0037213341436452335,0.0005625,0.002949230372905731
711,0.003716683087663518,0.0005625,0.002943534404039383
712,0.003713433506588141,0.0005625,0.0029385588131844997
713,0.003709481159845988,0.0005625,0.0029364677611738443
714,0.003705406840890646,0.0005625,0.002935948548838496
715,0.0037019590329792763,0.0005625,0.0029354633297771215
716,0.0036983333269341124,0.0005625,0.002932996954768896
717,0.0036949246630279555,0.0005625,0.002930860500782728
718,0.003691350808367133,0.0005625,0.002930421382188797
719,0.0036872452021472985,0.0005625,0.0029273037798702717
720,0.003683891902781195,0.0005625,0.00292399269528687
721,0.0036800614765120877,0.0005625,0.0029177176766097546
722,0.0036762319712175264,0.0005625,0.0029119353275746107
723,0.003672741231922474,0.0005625,0.0029030987061560154
724,0.003667889514731036,0.0005625,0.0028965335804969072
725,0.003664295520219538,0.0005625,0.002889726310968399
726,0.0036603356659826304,0.0005625,0.0028832745738327503
727,0.0036564217621667516,0.00042187498,0.0028767259791493416
728,0.0036536030419584775,0.00042187498,0.0028697869274765253
729,0.0036503468847109213,0.00042187498,0.0028628394939005375
730,0.0036477519302732415,0.00042187498,0.0028547989204525948
731,0.003644439433183935,0.00042187498,0.0028472556732594967
732,0.0036417127431680758,0.00042187498,0.002839036053046584
733,0.0036391268846475418,0.00042187498,0.002831472549587488
734,0.0036361058656540182,0.00042187498,0.0028252594638615847
735,0.0036330563947558404,0.00042187498,0.0028194112237542868
736,0.003630566834989521,0.00042187498,0.00281349616125226
737,0.0036273180196682614,0.00042187498,0.002808485645800829
738,0.003625795752223995,0.00042187498,0.002802505623549223
739,0.0036223391640103526,0.00042187498,0.002800354966893792
740,0.0036188598360038468,0.00042187498,0.002800864866003394
741,0.0036160152095059553,0.00042187498,0.002801519352942705
742,0.003612702370931705,0.00042187498,0.0028044916689395905
743,0.003610468376427889,0.00042187498,0.0028074358124285936
744,0.0036073107065425977,0.00042187498,0.002808963879942894
745,0.0036045764365957842,0.00042187498,0.002809904981404543
746,0.0036018503829836845,0.00042187498,0.002810516394674778
747,0.003598947828221652,0.00042187498,0.002810582285746932
748,0.0035962115611053174,0.00031640625,0.0028116353787481785
749,0.003594092217584451,0.00031640625,0.002813394647091627
750,0.0035923889889899227,0.00031640625,0.0028149306308478117
751,0.003590108956106835,0.00031640625,0.0028156880289316177
752,0.003588278591632843,0.00031640625,0.002816826105117798
753,0.003586544194776151,0.00031640625,0.002817119238898158
754,0.0035844584926962852,0.00031640625,0.0028156600892543793
755,0.003582186107006338,0.00031640625,0.0028121978975832462
756,0.0035797538753185006,0.00031640625,0.0028065708465874195
757,0.0035775532325108845,0.00031640625,0.0027993652038276196
758,0.0035767030384805465,0.00031640625,0.002792864106595516
759,0.0035732535800586146,0.00031640625,0.0027887243777513504
760,0.0035710486479931408,0.00031640625,0.0027841473929584026
761,0.0035692870306471983,0.00031640625,0.002779437694698572
762,0.0035674891693310605,0.00031640625,0.0027762227691709995
763,0.003564858291712072,0.00031640625,0.0027748062275350094
764,0.0035626940273990235,0.00031640625,0.002772960113361478
765,0.00356066921311948,0.00031640625,0.0027715684846043587
766,0.0035586643032729627,0.00031640625,0.002769926330074668
767,0.0035565926175978447,0.00031640625,0.002766750054433942
768,0.0035542696507440672,0.00031640625,0.0027631146367639303
769,0.0035524516366422175,0.00031640625,0.0027588095981627703
770,0.0035501207431985274,0.00031640625,0.0027549248188734055
771,0.003547924280994468,0.00031640625,0.002749444218352437
772,0.003545546510981189,0.00031640625,0.0027438125107437372
773,0.0035444403067231177,0.00031640625,0.0027366168797016144
774,0.003541183311285244,0.00031640625,0.0027312389574944973
775,0.003539286253766881,0.00031640625,0.002725150901824236
776,0.0035371879219181007,0.00031640625,0.00271973037160933
777,0.0035351941051582495,0.00031640625,0.0027152476832270622
778,0.003532823733985424,0.00031640625,0.002711829263716936
779,0.003530726943992906,0.00031640625,0.0027086064219474792
780,0.0035285003224594727,0.00031640625,0.002705040853470564
781,0.00352654034892718,0.00031640625,0.002701519289985299
782,0.003524254407319758,0.00031640625,0.0026988021563738585
783,0.003522195563548141,0.00023730469,0.0026963313575834036
784,0.0035202020986212623,0.00023730469,0.0026923080440610647
785,0.0035184589421583547,0.00023730469,0.0026879680808633566
786,0.0035174365155398847,0.00023730469,0.0026837382465600967
787,0.0035153013240132066,0.00023730469,0.0026809400878846645
788,0.003513635943333308,0.00023730469,0.002678525634109974
789,0.0035118632949888706,0.00023730469,0.0026768287643790245
790,0.0035101587677167524,0.00023730469,0.002675433177500963
791,0.003508412858678235,0.00023730469,0.0026747342199087143
792,0.0035068750691910583,0.00023730469,0.002674102783203125
793,0.0035049664167066414,0.00023730469,0.002672381466254592
794,0.0035032835478583974,0.00023730469,0.0026714857667684555
795,0.0035016476331899563,0.00023730469,0.0026713258121162653
796,0.003499778706787361,0.00023730469,0.002670306246727705
797,0.0034980232309963968,0.00023730469,0.0026689711958169937
798,0.003496309131797817,0.00023730469,0.00266815023496747
799,0.0034946151698629063,0.00023730469,0.002667843597009778
800,0.0034929140160481135,0.00023730469,0.002667624969035387
801,0.0034915990092688138,0.00023730469,0.0026678701397031546
802,0.003489433798111147,0.00023730469,0.0026664608158171177
803,0.0034877950843009682,0.00023730469,0.0026642640586942434
804,0.003486128927518924,0.00023730469,0.002661079866811633
805,0.0034841931011113858,0.00023730469,0.0026587846223264933
806,0.0034824703820049764,0.00023730469,0.0026564032305032015
807,0.0034810672514140606,0.00023730469,0.002654044423252344
808,0.0034791605547070505,0.00023730469,0.002653225790709257
809,0.0034772039028919404,0.00023730469,0.002653650939464569
810,0.0034756030266483626,0.00023730469,0.002654445357620716
811,0.0034738327686985333,0.00017797851,0.00265481136739254
812,0.00347289875563648,0.00017797851,0.002655456308275461
813,0.0034714396111667155,0.00017797851,0.002655095886439085
814,0.0034700889243847793,0.00017797851,0.0026541054248809814
815,0.003468849463388324,0.00017797851,0.002653354313224554
816,0.003467484630851282,0.00017797851,0.0026532267220318317
817,0.003466213991244634,0.00017797851,0.002653528470546007
818,0.003464934354027112,0.00017797851,0.002654259093105793
819,0.0034637385927554633,0.00017797851,0.0026548239402472973
820,0.0034625019257267316,0.00017797851,0.0026551038026809692
821,0.003461599846680959,0.00017797851,0.0026552933268249035
822,0.0034599974596252045,0.00017797851,0.0026541114784777164
823,0.0034588931542303826,0.00017797851,0.0026527736335992813
824,0.0034574858844280245,0.00017797851,0.0026521605905145407
825,0.003456705053233438,0.00017797851,0.002652107272297144
826,0.003454930599158009,0.00017797851,0.002653898438438773
827,0.003454389205823342,0.00017797851,0.0026549852918833494
828,0.0034526867274608875,0.00017797851,0.002654302166774869
829,0.003451332677569654,0.00017797851,0.002652928698807955
830,0.003450029788331853,0.00017797851,0.0026512951590120792
831,0.003448789178704222,0.00013348387,0.0026495098136365414
832,0.003447961377807789,0.00013348387,0.00264764204621315
833,0.0034468549717631605,0.00013348387,0.0026459242217242718
834,0.0034461026338653434,0.00013348387,0.0026435288600623608
835,0.003444905061688688,0.00013348387,0.002641677623614669
836,0.0034441091482424074,0.00013348387,0.0026399060152471066
837,0.003443007812731796,0.00013348387,0.0026384664233773947
838,0.0034423210037251312,0.00013348387,0.0026369476690888405
839,0.003441240379793776,0.00013348387,0.0026360047049820423
840,0.003440144792613056,0.00013348387,0.002634205389767885
841,0.00343913358843161,0.00013348387,0.0026322349440306425
842,0.0034381423249012894,0.00013348387,0.002630077302455902
843,0.003437210443533129,0.00013348387,0.0026277571450918913
844,0.003436192109559973,0.00013348387,0.0026255417615175247
845,0.0034354508285307224,0.00013348387,0.0026234702672809362
846,0.0034343591011646722,0.00013348387,0.0026221945881843567
847,0.0034334360104468133,0.00013348387,0.0026215515099465847
848,0.0034323526546359063,0.00013348387,0.002621557330712676
849,0.003431360185560253,0.00013348387,0.0026213990058749914
850,0.0034305346301860278,0.00013348387,0.00262128422036767
851,0.003429489934609996,0.000100112906,0.0026206544134765863
852,0.0034287743529097903,0.000100112906,0.0026197382248938084
853,0.0034280970589154296,0.000100112906,0.00261858943849802
854,0.0034277005172852013,0.000100112906,0.0026169768534600735
855,0.0034265370211667484,0.000100112906,0.0026162106078118086
856,0.003425769197444121,0.000100112906,0.002615000819787383
857,0.003425039081937737,0.000100112906,0.002613638062030077
858,0.003424292409585582,0.000100112906,0.0026123682036995888
859,0.0034235189772314494,0.000100112906,0.002611020114272833
860,0.00342276676868399,0.000100112906,0.0026092524640262127
861,0.003422151143766112,0.000100112906,0.0026076992508023977
862,0.0034212938509881495,0.000100112906,0.002606584457680583
863,0.003420620271936059,0.000100112906,0.002605508081614971
864,0.0034199242531839343,0.000100112906,0.0026049024891108274
865,0.003419106194956435,0.000100112906,0.002604780485853553
866,0.0034183724058998955,0.000100112906,0.002604578621685505
867,0.0034176524728536605,0.000100112906,0.002604254987090826
868,0.003416973761179381,0.000100112906,0.0026037341449409723
869,0.0034163204125232166,0.000100112906,0.0026031113229691982
870,0.003415500864179598,0.000100112906,0.002602973720058799
871,0.003414799479974641,7.508468e-05,0.0026026086416095495
872,0.003414233463505904,7.508468e-05,0.0026019494980573654
873,0.0034136454781724347,7.508468e-05,0.0026012167800217867
874,0.0034132094691610997,7.508468e-05,0.0026003457605838776
875,0.0034125291224983,7.508468e-05,0.002599806524813175
876,0.0034119759479330648,7.508468e-05,0.002599049359560013
877,0.0034114229389362867,7.508468e-05,0.002598393941298127
878,0.00341079523269501,7.508468e-05,0.0025974144227802753
879,0.003410340121222867,7.508468e-05,0.002596542937681079
880,0.0034096735943522716,7.508468e-05,0.002595900557935238
881,0.003409178379095263,7.508468e-05,0.0025949417613446712
882,0.0034085367081893815,7.508468e-05,0.002594278659671545
883,0.003407971928310063,7.508468e-05,0.0025934181176126003
884,0.0034074265095922684,7.508468e-05,0.0025927771348506212
885,0.0034068273328658606,7.508468e-05,0.0025924169458448887
886,0.0034063016374905903,7.508468e-05,0.002592114033177495
887,0.0034057300175643628,7.508468e-05,0.0025920814368873835
888,0.003405124864851435,7.508468e-05,0.0025916709564626217
889,0.0034046247446288666,7.508468e-05,0.002591185038909316
890,0.0034039826028876836,7.508468e-05,0.002591019729152322
891,0.003403449048184686,5.631351e-05,0.0025910083204507828
892,0.0034030550469954807,5.631351e-05,0.0025907743256539106
893,0.003402639941001932,5.631351e-05,0.0025902751367539167
894,0.003402209488881959,5.631351e-05,0.0025899182073771954
895,0.003401791097389327,5.631351e-05,0.0025892439298331738
896,0.0034012563112709258,5.631351e-05,0.002588864415884018
897,0.0034008389701031976,5.631351e-05,0.0025883829221129417
898,0.003400393565081888,5.631351e-05,0.0025879552122205496
899,0.0033999450711740386,5.631351e-05,0.0025876332074403763
900,0.0033995517115626072,5.631351e-05,0.0025872974656522274
901,0.0033990381233808065,5.631351e-05,0.002586619695648551
902,0.003398588103138738,5.631351e-05,0.002585815265774727
903,0.0033981744717392656,5.631351e-05,0.0025848185177892447
904,0.0033977112111945947,5.631351e-05,0.002583986148238182
905,0.003397214324730966,5.631351e-05,0.0025831563398241997
906,0.0033967829412884184,5.631351e-05,0.0025822105817496777
907,0.003396301137076484,5.631351e-05,0.002581165172159672
908,0.003395859653958016,5.631351e-05,0.002579782623797655
909,0.0033956252969801425,5.631351e-05,0.00257851742208004
910,0.0033949891105294226,5.631351e-05,0.0025776575785130262
911,0.003394556149012513,4.2235133e-05,0.002576979110017419
912,0.0033942249344868793,4.2235133e-05,0.0025762065779417753
913,0.0033938770337651174,4.2235133e-05,0.0025753825902938843
914,0.0033935158203045527,4.2235133e-05,0.0025744526647031307
915,0.0033932550758537317,4.2235133e-05,0.002573492703959346
916,0.003392837206936545,4.2235133e-05,0.0025726244784891605
917,0.0033925388215316665,4.2235133e-05,0.0025715422816574574
918,0.0033921566688352163,4.2235133e-05,0.002570545766502619
919,0.003392024151980877,4.2235133e-05,0.002569654257968068
920,0.0033915296093457274,4.2235133e-05,0.0025691662449389696
921,0.0033911922325690585,4.2235133e-05,0.0025688051246106625
922,0.003390855748309857,4.2235133e-05,0.00256852013990283
923,0.0033905089108480346,4.2235133e-05,0.0025683282874524593
924,0.0033902166100839774,4.2235133e-05,0.0025682388804852962
925,0.0033899045394112665,4.2235133e-05,0.002568366937339306
926,0.0033895084117021826,4.2235133e-05,0.002568247262388468
927,0.003389183504299985,4.2235133e-05,0.0025681606493890285
928,0.0033888959377590152,4.2235133e-05,0.0025681834667921066
929,0.0033885210079865322,4.2235133e-05,0.002568525495007634
930,0.0033882508882217936,4.2235133e-05,0.0025686821900308132
931,0.003387901833694842,4.2235133e-05,0.0025685469154268503
932,0.0033875531879150205,4.2235133e-05,0.002568234223872423
933,0.0033871859105096924,4.2235133e-05,0.0025681019760668278
934,0.0033868778496980666,3.167635e-05,0.002568041207268834
935,0.003386617017289003,3.167635e-05,0.002567915478721261
936,0.0033863701598925724,3.167635e-05,0.0025677280500531197
937,0.003386113854746024,3.167635e-05,0.0025675734505057335
938,0.003385869294611944,3.167635e-05,0.0025674777571111917
939,0.0033856090416924823,3.167635e-05,0.0025673317722976208
940,0.003385363746848371,3.167635e-05,0.0025671019684523344
941,0.003385119212584363,3.167635e-05,0.0025667983572930098
942,0.0033848473181327184,3.167635e-05,0.0025665569119155407
943,0.0033846444657279384,3.167635e-05,0.0025663054548203945
944,0.0033843435243599944,3.167635e-05,0.0025662658736109734
945,0.003384186379197571,3.167635e-05,0.0025661890394985676
946,0.0033838278303543728,3.167635e-05,0.002565756905823946
947,0.0033835567585710023,3.167635e-05,0.0025651687756180763
948,0.0033833365680442915,3.167635e-05,0.0025645792484283447
949,0.0033830320462584496,3.167635e-05,0.002564090769737959
950,0.0033827771587918204,3.167635e-05,0.0025635058991611004
951,0.003382536003159152,3.167635e-05,0.0025629757437855005
952,0.0033822520584281947,3.167635e-05,0.0025625291746109724
953,0.0033819875059028465,3.167635e-05,0.0025620905216783285
954,0.003381774626258347,2.3757264e-05,0.0025617945939302444
955,0.0033815404245009025,2.3757264e-05,0.002561642089858651
956,0.0033813405885464616,2.3757264e-05,0.0025615068152546883
957,0.0033811373429165946,2.3757264e-05,0.002561305183917284
958,0.0033809411184241374,2.3757264e-05,0.0025610767770558596
959,0.0033807482001268203,2.3757264e-05,0.002560853958129883
960,0.003380537312477827,2.3757264e-05,0.0025606793351471424
961,0.003380339571999179,2.3757264e-05,0.002560487249866128
962,0.003380143963214424,2.3757264e-05,0.00256027327850461
963,0.0033799606271915964,2.3757264e-05,0.0025600662920624018
964,0.0033797509450879362,2.3757264e-05,0.002559924963861704
965,0.0033795523250268566,2.3757264e-05,0.0025598350912332535
966,0.0033793663140386345,2.3757264e-05,0.0025597859639674425
967,0.0033791879502435523,2.3757264e-05,0.002559711690992117
968,0.0033789629220134683,2.3757264e-05,0.0025598169304430485
969,0.003378776181489229,2.3757264e-05,0.0025599368382245302
970,0.0033785655059748224,2.3757264e-05,0.0025600313674658537
971,0.0033784683017681044,2.3757264e-05,0.002560150343924761
972,0.0033781953466435273,2.3757264e-05,0.002560066757723689
973,0.0033780103497621085,2.3757264e-05,0.002559944288805127
974,0.003377816091395087,1.7817947e-05,0.002559779677540064
975,0.0033776801803873644,1.7817947e-05,0.0025596076156944036
976,0.003377520272301303,1.7817947e-05,0.002559481654316187
977,0.0033773715866522655,1.7817947e-05,0.0025592963211238384
978,0.0033772241531146896,1.7817947e-05,0.0025591019075363874
979,0.003377112668628494,1.7817947e-05,0.0025589419528841972
980,0.0033769258142759403,1.7817947e-05,0.002558942884206772
981,0.0033767666926400527,1.7817947e-05,0.0025590420700609684
982,0.0033766443737679058,1.7817947e-05,0.002559225307777524
983,0.003376492764800787,1.7817947e-05,0.0025593270547688007
984,0.0033763415697548125,1.7817947e-05,0.0025594073813408613
985,0.0033762069936427806,1.7817947e-05,0.002559589222073555
986,0.0033760618263234694,1.7817947e-05,0.0025596863124519587
987,0.003375927648610539,1.7817947e-05,0.002559694927185774
988,0.003375755938597851,1.7817947e-05,0.0025595957413315773
989,0.0033756125149213604,1.7817947e-05,0.0025594967883080244
990,0.0033754569788773856,1.7817947e-05,0.002559374086558819
991,0.0033753031140400305,1.7817947e-05,0.00255923462100327
992,0.0033751611804796588,1.7817947e-05,0.0025590849108994007
993,0.0033750025141570305,1.7817947e-05,0.0025589654687792063
994,0.0033748731844955022,1.336346e-05,0.0025588725693523884
995,0.0033747528731409046,1.336346e-05,0.002558858133852482
996,0.0033746335396750106,1.336346e-05,0.002558793406933546
997,0.003374511500199636,1.336346e-05,0.0025588085409253836
